#
# There is insufficient memory for the Java Runtime Environment to continue.
# Native memory allocation (malloc) failed to allocate 257840 bytes for Chunk::new
# Possible reasons:
#   The system is out of physical RAM or swap space
#   In 32 bit mode, the process size limit was hit
# Possible solutions:
#   Reduce memory load on the system
#   Increase physical memory or swap space
#   Check if swap backing store is full
#   Use 64 bit Java on a 64 bit OS
#   Decrease Java heap size (-Xmx/-Xms)
#   Decrease number of Java threads
#   Decrease Java thread stack sizes (-Xss)
#   Set larger code cache with -XX:ReservedCodeCacheSize=
# This output file may be truncated or incomplete.
#
#  Out of Memory Error (allocation.cpp:390), pid=648, tid=12352
#
# JRE version: Java(TM) SE Runtime Environment (8.0_60-b27) (build 1.8.0_60-b27)
# Java VM: Java HotSpot(TM) 64-Bit Server VM (25.60-b23 mixed mode windows-amd64 compressed oops)
# Failed to write core dump. Minidumps are not enabled by default on client versions of Windows
#

---------------  T H R E A D  ---------------

Current thread (0x0000000054e54000):  JavaThread "C2 CompilerThread1" daemon [_thread_in_native, id=12352, stack(0x00000000567f0000,0x00000000568f0000)]

Stack: [0x00000000567f0000,0x00000000568f0000]
[error occurred during error reporting (printing stack bounds), id 0xc0000005]

Native frames: (J=compiled Java code, j=interpreted, Vv=VM code, C=native code)


Current CompileTask:
C2:   8795 1424       4       com.android.dx.ssa.LiteralOpUpgrader$1::visitNonMoveInsn (203 bytes)


---------------  P R O C E S S  ---------------

Java Threads: ( => current thread )
  0x0000000056cda000 JavaThread "pool-1-thread-4" [_thread_blocked, id=11616, stack(0x0000000057480000,0x0000000057580000)]
  0x0000000056cd5800 JavaThread "pool-1-thread-3" [_thread_blocked, id=6752, stack(0x0000000056e50000,0x0000000056f50000)]
  0x0000000056cd2000 JavaThread "pool-1-thread-2" [_thread_blocked, id=7768, stack(0x00000000575a0000,0x00000000576a0000)]
  0x0000000056cd1000 JavaThread "pool-2-thread-1" [_thread_blocked, id=13316, stack(0x0000000057380000,0x0000000057480000)]
  0x0000000056cce800 JavaThread "pool-1-thread-1" [_thread_blocked, id=13236, stack(0x00000000571e0000,0x00000000572e0000)]
  0x0000000054e57800 JavaThread "Service Thread" daemon [_thread_blocked, id=11716, stack(0x0000000056300000,0x0000000056400000)]
  0x0000000054e55000 JavaThread "C1 CompilerThread2" daemon [_thread_blocked, id=12460, stack(0x0000000056950000,0x0000000056a50000)]
=>0x0000000054e54000 JavaThread "C2 CompilerThread1" daemon [_thread_in_native, id=12352, stack(0x00000000567f0000,0x00000000568f0000)]
  0x0000000054e50000 JavaThread "C2 CompilerThread0" daemon [_thread_in_vm, id=13328, stack(0x00000000566e0000,0x00000000567e0000)]
  0x0000000054e5f000 JavaThread "Attach Listener" daemon [_thread_blocked, id=5416, stack(0x0000000056550000,0x0000000056650000)]
  0x0000000054e5d800 JavaThread "Signal Dispatcher" daemon [_thread_blocked, id=13120, stack(0x0000000056430000,0x0000000056530000)]
  0x0000000054df8800 JavaThread "Finalizer" daemon [_thread_blocked, id=6008, stack(0x0000000056150000,0x0000000056250000)]
  0x0000000054df1800 JavaThread "Reference Handler" daemon [_thread_blocked, id=12952, stack(0x0000000055fb0000,0x00000000560b0000)]
  0x000000000209f000 JavaThread "main" [_thread_blocked, id=11444, stack(0x0000000002310000,0x0000000002410000)]

Other Threads:
  0x0000000054dec000 VMThread [stack: 0x0000000055e50000,0x0000000055f50000] [id=11592]
  0x0000000056ac3800 WatcherThread [stack: 0x0000000056f90000,0x0000000057090000] [id=6568]

VM state:not at safepoint (normal execution)

VM Mutex/Monitor currently owned by a thread:  ([mutex/lock_event])
[0x000000000209c480] CodeCache_lock - owner thread: 0x0000000054e50000

Heap:
 PSYoungGen      total 18944K, used 10697K [0x00000000eab00000, 0x00000000ed000000, 0x0000000100000000)
  eden space 16384K, 49% used [0x00000000eab00000,0x00000000eb2f6640,0x00000000ebb00000)
  from space 2560K, 99% used [0x00000000ebd80000,0x00000000ebffc038,0x00000000ec000000)
  to   space 2560K, 0% used [0x00000000ebb00000,0x00000000ebb00000,0x00000000ebd80000)
 ParOldGen       total 44032K, used 4505K [0x00000000c0000000, 0x00000000c2b00000, 0x00000000eab00000)
  object space 44032K, 10% used [0x00000000c0000000,0x00000000c0466428,0x00000000c2b00000)
 Metaspace       used 5998K, capacity 7024K, committed 7296K, reserved 1056768K
  class space    used 589K, capacity 616K, committed 640K, reserved 1048576K

Card table byte_map: [0x0000000011aa0000,0x0000000011cb0000] byte_map_base: 0x00000000114a0000

Marking Bits: (ParMarkBitMap*) 0x000000006149a5b0
 Begin Bits: [0x0000000012260000, 0x0000000013260000)
 End Bits:   [0x0000000013260000, 0x0000000014260000)

Polling page: 0x00000000005c0000

CodeCache: size=245760Kb used=5968Kb max_used=5982Kb free=239791Kb
 bounds [0x00000000026e0000, 0x0000000002cd0000, 0x00000000116e0000]
 total_blobs=1689 nmethods=1419 adapters=182
 compilation: enabled

Compilation events (10 events):
Event: 8.507 Thread 0x0000000054e55000 1422       3       com.android.dx.ssa.Dominators::<init> (55 bytes)
Event: 8.508 Thread 0x0000000054e54000 nmethod 1420 0x0000000002be01d0 code [0x0000000002be0300, 0x0000000002be0378]
Event: 8.508 Thread 0x0000000054e54000 1421       4       com.android.dx.cf.iface.StdAttributeList::findFirst (44 bytes)
Event: 8.508 Thread 0x0000000054e55000 nmethod 1422 0x0000000002ca8890 code [0x0000000002ca8a20, 0x0000000002ca8f50]
Event: 8.508 Thread 0x0000000054e55000 1423       3       com.android.dx.ssa.SsaMethod::updateOneDefinition (70 bytes)
Event: 8.509 Thread 0x0000000054e55000 nmethod 1423 0x0000000002ca7bd0 code [0x0000000002ca7d80, 0x0000000002ca8588]
Event: 8.509 Thread 0x0000000054e55000 1426       3       com.android.dx.ssa.back.FirstFitLocalCombiningAllocator::access$100 (5 bytes)
Event: 8.509 Thread 0x0000000054e55000 nmethod 1426 0x0000000002ca77d0 code [0x0000000002ca7940, 0x0000000002ca7b30]
Event: 8.512 Thread 0x0000000054e54000 nmethod 1421 0x0000000002c91090 code [0x0000000002c911e0, 0x0000000002c914b8]
Event: 8.512 Thread 0x0000000054e54000 1424       4       com.android.dx.ssa.LiteralOpUpgrader$1::visitNonMoveInsn (203 bytes)

GC Heap History (4 events):
Event: 3.611 GC heap before
{Heap before GC invocations=1 (full 0):
 PSYoungGen      total 18944K, used 16384K [0x00000000eab00000, 0x00000000ec000000, 0x0000000100000000)
  eden space 16384K, 100% used [0x00000000eab00000,0x00000000ebb00000,0x00000000ebb00000)
  from space 2560K, 0% used [0x00000000ebd80000,0x00000000ebd80000,0x00000000ec000000)
  to   space 2560K, 0% used [0x00000000ebb00000,0x00000000ebb00000,0x00000000ebd80000)
 ParOldGen       total 44032K, used 0K [0x00000000c0000000, 0x00000000c2b00000, 0x00000000eab00000)
  object space 44032K, 0% used [0x00000000c0000000,0x00000000c0000000,0x00000000c2b00000)
 Metaspace       used 5629K, capacity 6704K, committed 6784K, reserved 1056768K
  class space    used 586K, capacity 616K, committed 640K, reserved 1048576K
Event: 3.618 GC heap after
Heap after GC invocations=1 (full 0):
 PSYoungGen      total 18944K, used 2551K [0x00000000eab00000, 0x00000000ec000000, 0x0000000100000000)
  eden space 16384K, 0% used [0x00000000eab00000,0x00000000eab00000,0x00000000ebb00000)
  from space 2560K, 99% used [0x00000000ebb00000,0x00000000ebd7dc98,0x00000000ebd80000)
  to   space 2560K, 0% used [0x00000000ebd80000,0x00000000ebd80000,0x00000000ec000000)
 ParOldGen       total 44032K, used 1668K [0x00000000c0000000, 0x00000000c2b00000, 0x00000000eab00000)
  object space 44032K, 3% used [0x00000000c0000000,0x00000000c01a1320,0x00000000c2b00000)
 Metaspace       used 5629K, capacity 6704K, committed 6784K, reserved 1056768K
  class space    used 586K, capacity 616K, committed 640K, reserved 1048576K
}
Event: 7.126 GC heap before
{Heap before GC invocations=2 (full 0):
 PSYoungGen      total 18944K, used 18935K [0x00000000eab00000, 0x00000000ec000000, 0x0000000100000000)
  eden space 16384K, 100% used [0x00000000eab00000,0x00000000ebb00000,0x00000000ebb00000)
  from space 2560K, 99% used [0x00000000ebb00000,0x00000000ebd7dc98,0x00000000ebd80000)
  to   space 2560K, 0% used [0x00000000ebd80000,0x00000000ebd80000,0x00000000ec000000)
 ParOldGen       total 44032K, used 1668K [0x00000000c0000000, 0x00000000c2b00000, 0x00000000eab00000)
  object space 44032K, 3% used [0x00000000c0000000,0x00000000c01a1320,0x00000000c2b00000)
 Metaspace       used 5917K, capacity 6960K, committed 7040K, reserved 1056768K
  class space    used 589K, capacity 616K, committed 640K, reserved 1048576K
Event: 7.672 GC heap after
Heap after GC invocations=2 (full 0):
 PSYoungGen      total 18944K, used 2544K [0x00000000eab00000, 0x00000000ed000000, 0x0000000100000000)
  eden space 16384K, 0% used [0x00000000eab00000,0x00000000eab00000,0x00000000ebb00000)
  from space 2560K, 99% used [0x00000000ebd80000,0x00000000ebffc038,0x00000000ec000000)
  to   space 2560K, 0% used [0x00000000ebb00000,0x00000000ebb00000,0x00000000ebd80000)
 ParOldGen       total 44032K, used 4505K [0x00000000c0000000, 0x00000000c2b00000, 0x00000000eab00000)
  object space 44032K, 10% used [0x00000000c0000000,0x00000000c0466428,0x00000000c2b00000)
 Metaspace       used 5917K, capacity 6960K, committed 7040K, reserved 1056768K
  class space    used 589K, capacity 616K, committed 640K, reserved 1048576K
}

Deoptimization events (10 events):
Event: 3.721 Thread 0x0000000056cce800 Uncommon trap: reason=class_check action=maybe_recompile pc=0x0000000002973c4c method=com.android.dx.ssa.NormalSsaInsn.accept(Lcom/android/dx/ssa/SsaInsn$Visitor;)V @ 9
Event: 3.779 Thread 0x0000000056cce800 Uncommon trap: reason=class_check action=maybe_recompile pc=0x000000000298ea34 method=com.android.dx.ssa.NormalSsaInsn.accept(Lcom/android/dx/ssa/SsaInsn$Visitor;)V @ 9
Event: 4.134 Thread 0x000000000209f000 Uncommon trap: reason=unstable_if action=reinterpret pc=0x0000000002a2867c method=java.lang.String.<init>([CII)V @ 18
Event: 5.155 Thread 0x0000000056cd2000 Uncommon trap: reason=unstable_if action=reinterpret pc=0x0000000002ad174c method=com.android.dx.rop.code.RegisterSpecSet.put(Lcom/android/dx/rop/code/RegisterSpec;)V @ 77
Event: 7.057 Thread 0x0000000056cd5800 Uncommon trap: reason=class_check action=maybe_recompile pc=0x0000000002bdaf88 method=com.android.dx.ssa.SsaMethod.isRegALocal(Lcom/android/dx/rop/code/RegisterSpec;)Z @ 16
Event: 7.058 Thread 0x0000000056cd5800 Uncommon trap: reason=class_check action=maybe_recompile pc=0x0000000002bdaf88 method=com.android.dx.ssa.SsaMethod.isRegALocal(Lcom/android/dx/rop/code/RegisterSpec;)Z @ 16
Event: 7.058 Thread 0x0000000056cd5800 Uncommon trap: reason=class_check action=maybe_recompile pc=0x0000000002bdaf88 method=com.android.dx.ssa.SsaMethod.isRegALocal(Lcom/android/dx/rop/code/RegisterSpec;)Z @ 16
Event: 7.058 Thread 0x0000000056cd5800 Uncommon trap: reason=class_check action=maybe_recompile pc=0x0000000002bdaf88 method=com.android.dx.ssa.SsaMethod.isRegALocal(Lcom/android/dx/rop/code/RegisterSpec;)Z @ 16
Event: 7.125 Thread 0x0000000056cd5800 Uncommon trap: reason=unstable_if action=reinterpret pc=0x0000000002b0fcec method=com.android.dx.util.IntList.binarysearch(I)I @ 105
Event: 8.505 Thread 0x0000000056cd2000 Uncommon trap: reason=unstable_if action=reinterpret pc=0x0000000002a2b24c method=com.android.dx.ssa.SsaMethod.updateOneDefinition(Lcom/android/dx/ssa/SsaInsn;Lcom/android/dx/rop/code/RegisterSpec;)V @ 4

Internal exceptions (2 events):
Event: 0.143 Thread 0x000000000209f000 Exception <a 'java/lang/NoSuchMethodError': Method sun.misc.Unsafe.defineClass(Ljava/lang/String;[BII)Ljava/lang/Class; name or signature does not match> (0x00000000eab0dff8) thrown at [C:\re\workspace\8-2-build-windows-amd64-cygwin\jdk8u60\4407\hotspot\sr.M˜äUEÂ?
Event: 0.143 Thread 0x000000000209f000 Exception <a 'java/lang/NoSuchMethodError': Method sun.misc.Unsafe.prefetchRead(Ljava/lang/Object;J)V name or signature does not match> (0x00000000eab0e2e0) thrown at [C:\re\workspace\8-2-build-windows-amd64-cygwin\jdk8u60\4407\hotspot\src\share\vm\prims\j

Events (10 events):
Event: 7.058 Thread 0x0000000056cd5800 DEOPT PACKING pc=0x0000000002bdaf88 sp=0x0000000056f4ed10
Event: 7.058 Thread 0x0000000056cd5800 DEOPT UNPACKING pc=0x000000000272582a sp=0x0000000056f4ec58 mode 2
Event: 7.125 Thread 0x0000000056cd5800 Uncommon trap: trap_request=0xffffff65 fr.pc=0x0000000002b0fcec
Event: 7.125 Thread 0x0000000056cd5800 DEOPT PACKING pc=0x0000000002b0fcec sp=0x0000000056f4ec90
Event: 7.125 Thread 0x0000000056cd5800 DEOPT UNPACKING pc=0x000000000272582a sp=0x0000000056f4ec08 mode 2
Event: 7.126 Executing VM operation: ParallelGCFailedAllocation
Event: 7.672 Executing VM operation: ParallelGCFailedAllocation done
Event: 8.505 Thread 0x0000000056cd2000 Uncommon trap: trap_request=0xffffff65 fr.pc=0x0000000002a2b24c
Event: 8.505 Thread 0x0000000056cd2000 DEOPT PACKING pc=0x0000000002a2b24c sp=0x000000005769e830
Event: 8.505 Thread 0x0000000056cd2000 DEOPT UNPACKING pc=0x000000000272582a sp=0x000000005769e7d8 mode 2


Dynamic libraries:
0x000000013f660000 - 0x000000013f697000 	C:\Program Files (x86)\Java\jdk1.8.0_60\bin\java.exe
0x0000000077070000 - 0x0000000077219000 	C:\Windows\SYSTEM32\ntdll.dll
0x0000000076e50000 - 0x0000000076f6f000 	C:\Windows\system32\kernel32.dll
0x000007fefd0a0000 - 0x000007fefd10c000 	C:\Windows\system32\KERNELBASE.dll
0x000007feff180000 - 0x000007feff25b000 	C:\Windows\system32\ADVAPI32.dll
0x000007fefd4d0000 - 0x000007fefd56f000 	C:\Windows\system32\msvcrt.dll
0x000007fefd780000 - 0x000007fefd79f000 	C:\Windows\SYSTEM32\sechost.dll
0x000007fefedc0000 - 0x000007fefeeed000 	C:\Windows\system32\RPCRT4.dll
0x0000000076f70000 - 0x000000007706a000 	C:\Windows\system32\USER32.dll
0x000007fefed40000 - 0x000007fefeda7000 	C:\Windows\system32\GDI32.dll
0x000007fefedb0000 - 0x000007fefedbe000 	C:\Windows\system32\LPK.dll
0x000007fefd380000 - 0x000007fefd449000 	C:\Windows\system32\USP10.dll
0x000007fefb840000 - 0x000007fefba34000 	C:\Windows\WinSxS\amd64_microsoft.windows.common-controls_6595b64144ccf1df_6.0.7601.18837_none_fa3b1e3d17594757\COMCTL32.dll
0x000007fefeef0000 - 0x000007fefef61000 	C:\Windows\system32\SHLWAPI.dll
0x000007fefea90000 - 0x000007fefeabe000 	C:\Windows\system32\IMM32.DLL
0x000007feff260000 - 0x000007feff369000 	C:\Windows\system32\MSCTF.dll
0x000007fefcf30000 - 0x000007fefcf6c000 	C:\Windows\system32\nvinitx.dll
0x0000000062e10000 - 0x0000000062ee2000 	C:\Program Files (x86)\Java\jdk1.8.0_60\jre\bin\msvcr100.dll
0x0000000060c90000 - 0x0000000061519000 	C:\Program Files (x86)\Java\jdk1.8.0_60\jre\bin\server\jvm.dll
0x000007fefc7e0000 - 0x000007fefc7e9000 	C:\Windows\system32\WSOCK32.dll
0x000007fefecf0000 - 0x000007fefed3d000 	C:\Windows\system32\WS2_32.dll
0x000007feff370000 - 0x000007feff378000 	C:\Windows\system32\NSI.dll
0x000007fefa8e0000 - 0x000007fefa91b000 	C:\Windows\system32\WINMM.dll
0x000007fefc7f0000 - 0x000007fefc7fc000 	C:\Windows\system32\VERSION.dll
0x0000000077230000 - 0x0000000077237000 	C:\Windows\system32\PSAPI.DLL
0x000000006f000000 - 0x000000006f00f000 	C:\Program Files (x86)\Java\jdk1.8.0_60\jre\bin\verify.dll
0x00000000638c0000 - 0x00000000638e9000 	C:\Program Files (x86)\Java\jdk1.8.0_60\jre\bin\java.dll
0x00000000637f0000 - 0x0000000063806000 	C:\Program Files (x86)\Java\jdk1.8.0_60\jre\bin\zip.dll
0x000007fefda60000 - 0x000007fefe7e9000 	C:\Windows\system32\SHELL32.dll
0x000007fefd570000 - 0x000007fefd773000 	C:\Windows\system32\ole32.dll
0x000007fefcf70000 - 0x000007fefcf7f000 	C:\Windows\system32\profapi.dll

VM Arguments:
jvm_args: -Xmx1024M -Dfile.encoding=windows-1252 -Duser.country=US -Duser.language=en -Duser.variant 
java_command: com.android.dx.command.Main --dex --num-threads=4 --output C:\Users\Student\AndroidStudioProjects\cs4720-Android\app\build\intermediates\pre-dexed\debug\classes-23fa2534682c99e82832095326b4c294106c49b4.jar C:\Users\Student\AndroidStudioProjects\cs4720-Android\app\build\intermediates\exploded-aar\com.google.android.gms\play-services-drive\7.8.0\jars\classes.jar
java_class_path (initial): C:\Users\Student\AppData\Local\Android\sdk\build-tools\23.0.0\lib\dx.jar
Launcher Type: SUN_STANDARD

Environment Variables:
JAVA_HOME=C:\Program Files (x86)\Java\jdk1.8.0_60
PATH=C:\ProgramData\Oracle\Java\javapath;%CommonProgramFiles%\Microsoft Shared\Windows Live;C:\Program Files\Dell\DW WLAN Card;C:\Windows\system32;C:\Windows;C:\Windows\System32\Wbem;C:\Windows\System32\WindowsPowerShell\v1.0\;C:\Program Files\WIDCOMM\Bluetooth Software\;C:\Program Files\WIDCOMM\Bluetooth Software\syswow64;C:\Program Files\Intel\DMIX;C:\Program Files (x86)\NTRU Cryptosystems\NTRU TCG Software Stack\bin\;C:\Program Files\NTRU Cryptosystems\NTRU TCG Software Stack\bin\;C:\Program Files\Dell\Dell Data Protection\Access\Advanced\Wave\Gemalto\Access Client\v5\;C:\Program Files (x86)\Common Files\Roxio Shared\DLLShared\;C:\Program Files (x86)\Common Files\Roxio Shared\OEM\DLLShared\;C:\Program Files (x86)\Common Files\Roxio Shared\OEM\DLLShared\;C:\Program Files (x86)\Common Files\Roxio Shared\OEM\12.0\DLLShared\;C:\Program Files (x86)\Roxio\OEM\AudioCore\;C:\Program Files (x86)\Common Files\Acronis\SnapAPI\;C:\Program Files (x86)\Intel\Services\IPT\;C:\Program Files\Intel\WiFi\bin\;C:\Program Files\Common Files\Intel\WirelessCommon\;C:\Program Files (x86)\QuickTime\QTSystem\;c:\Program Files (x86)\Microsoft SQL Server\100\Tools\Binn\;c:\Program Files (x86)\Microsoft SQL Server\100\DTS\Binn\;C:\Ruby187\bin;C:\RailsInstaller\Git\cmd;C:\Program Files (x86)\Common Files\Microsoft Shared\Windows Live;C:\Program Files\Intel\WiFi\bin\;C:\Program Files\Common Files\Intel\WirelessCommon\;C:\python27;C:\Program Files (x86)\MiKTeX 2.9\miktex\bin\;C:\Program Files (x86)\MiKTeX\miktex\bin\;C:\Program Files (x86)\MiKTeK\miktex\bin\;C:\Python27\Scripts;C:\sqlite;C:\Program Files (x86)\Java\jdk1.7.0_10\bin;C:\Program Files (x86)\7-Zip;C:\Program Files (x86)\Google\Chrome\Application\chrome.exe
USERNAME=Student
OS=Windows_NT
PROCESSOR_IDENTIFIER=Intel64 Family 6 Model 42 Stepping 7, GenuineIntel



---------------  S Y S T E M  ---------------

OS: Windows 7 , 64 bit Build 7601 (6.1.7601.18939)

CPU:total 4 (2 cores per cpu, 2 threads per core) family 6 model 42 stepping 7, cmov, cx8, fxsr, mmx, sse, sse2, sse3, ssse3, sse4.1, sse4.2, popcnt, avx, aes, clmul, ht, tsc, tscinvbit

Memory: 4k page, physical 4078252k(136132k free), swap 6607148k(5136k free)

vm_info: Java HotSpot(TM) 64-Bit Server VM (25.60-b23) for windows-amd64 JRE (1.8.0_60-b27), built on Aug  4 2015 11:06:27 by "java_re" with MS VC++ 10.0 (VS2010)

time: Sun Oct 11 20:59:03 2015
elapsed time: 8 seconds (0d 0h 0m 8s)

